PLINK v1.90b6.21 64-bit (19 Oct 2020)
Options in effect:
  --bfile /scratch/chevalier.n/Nicholas-BINF6309F2023-Module10/plink_analysis/hapmap1
  --missing
  --out /scratch/chevalier.n/Nicholas-BINF6309F2023-Module10/plink_analysis/miss_stat

Hostname: c0327
Working directory: /scratch/chevalier.n/Nicholas-BINF6309F2023-Module10/plink_analysis
Start time: Mon Dec  4 22:36:36 2023

Random number seed: 1701747396
128067 MB RAM detected; reserving 64033 MB for main workspace.
83534 variants loaded from .bim file.
89 people (89 males, 0 females) loaded from .fam.
89 phenotype values loaded from .fam.
Using 1 thread (no multithreaded calculations invoked).
Before main variant filters, 89 founders and 0 nonfounders present.
Calculating allele frequencies... done.
Total genotyping rate is 0.99441.
--missing: Sample missing data report written to
/scratch/chevalier.n/Nicholas-BINF6309F2023-Module10/plink_analysis/miss_stat.imiss,
and variant-based missing data report written to
/scratch/chevalier.n/Nicholas-BINF6309F2023-Module10/plink_analysis/miss_stat.lmiss.

End time: Mon Dec  4 22:36:36 2023
