PLINK v1.90b6.21 64-bit (19 Oct 2020)
Options in effect:
  --bfile /scratch/chevalier.n/Nicholas-BINF6309F2023-Module10/plink_analysis/hapmap1
  --out /scratch/chevalier.n/Nicholas-BINF6309F2023-Module10/plink_analysis/rec_snp1
  --recode
  --snp rs2222162

Hostname: c0327
Working directory: /scratch/chevalier.n/Nicholas-BINF6309F2023-Module10/plink_analysis
Start time: Mon Dec  4 22:36:38 2023

Random number seed: 1701747398
128067 MB RAM detected; reserving 64033 MB for main workspace.
1 out of 83534 variants loaded from .bim file.
89 people (89 males, 0 females) loaded from .fam.
89 phenotype values loaded from .fam.
Using 1 thread (no multithreaded calculations invoked).
Before main variant filters, 89 founders and 0 nonfounders present.
Calculating allele frequencies... done.
1 variant and 89 people pass filters and QC.
Among remaining phenotypes, 44 are cases and 45 are controls.
--recode ped to
/scratch/chevalier.n/Nicholas-BINF6309F2023-Module10/plink_analysis/rec_snp1.ped
+
/scratch/chevalier.n/Nicholas-BINF6309F2023-Module10/plink_analysis/rec_snp1.map
... done.

End time: Mon Dec  4 22:36:38 2023
